Using pre-set license
Built from '2020.3/staging' branch; Version is '2020.3.5f1 (8095aa901b9b) revision 8426922'; Using compiler version '192528614'; Build Type 'Release'
OS: 'Windows 10 Pro; OS build 19042.985; Version 2009; 64bit' Language: 'en' Physical Memory: 32637 MB
BatchMode: 1, IsHumanControllingUs: 0, StartBugReporterOnCrash: 0, Is64bit: 1, IsPro: 0

 COMMAND LINE ARGUMENTS:
C:\Program Files\Unity\Hub\Editor\2020.3.5f1\Editor\Unity.exe
-adb2
-batchMode
-noUpm
-name
AssetImportWorker0
-projectPath
C:/Projects/UnityProjects/RnD/ArtNet.Unity
-logFile
Logs/AssetImportWorker0.log
-srvPort
51771
Successfully changed project path to: C:/Projects/UnityProjects/RnD/ArtNet.Unity
C:/Projects/UnityProjects/RnD/ArtNet.Unity
Using Asset Import Pipeline V2.
Refreshing native plugins compatible for Editor in 33.56 ms, found 0 plugins.
Preloading 0 native plugins for Editor in 0.00 ms.
Initialize engine version: 2020.3.5f1 (8095aa901b9b)
[Subsystems] Discovering subsystems at path C:/Program Files/Unity/Hub/Editor/2020.3.5f1/Editor/Data/Resources/UnitySubsystems
[Subsystems] Discovering subsystems at path C:/Projects/UnityProjects/RnD/ArtNet.Unity/Assets
GfxDevice: creating device client; threaded=0
Direct3D:
    Version:  Direct3D 11.0 [level 11.1]
    Renderer: NVIDIA GeForce RTX 3070 Laptop GPU (ID=0x249d)
    Vendor:   
    VRAM:     8044 MB
    Driver:   27.21.14.6235
Initialize mono
Mono path[0] = 'C:/Program Files/Unity/Hub/Editor/2020.3.5f1/Editor/Data/Managed'
Mono path[1] = 'C:/Program Files/Unity/Hub/Editor/2020.3.5f1/Editor/Data/MonoBleedingEdge/lib/mono/unityjit'
Mono config path = 'C:/Program Files/Unity/Hub/Editor/2020.3.5f1/Editor/Data/MonoBleedingEdge/etc'
Using monoOptions --debugger-agent=transport=dt_socket,embedding=1,server=y,suspend=n,address=127.0.0.1:56656
Begin MonoManager ReloadAssembly
Registering precompiled unity dll's ...
Register platform support module: C:/Program Files/Unity/Hub/Editor/2020.3.5f1/Editor/Data/PlaybackEngines/WindowsStandaloneSupport/UnityEditor.WindowsStandalone.Extensions.dll
Registered in 0.001501 seconds.
Native extension for WindowsStandalone target not found
Refreshing native plugins compatible for Editor in 29.63 ms, found 0 plugins.
Preloading 0 native plugins for Editor in 0.00 ms.
Mono: successfully reloaded assembly
- Completed reload, in  0.892 seconds
Platform modules already initialized, skipping
Registering precompiled user dll's ...
Registered in 0.001517 seconds.
Begin MonoManager ReloadAssembly
Native extension for WindowsStandalone target not found
Refreshing native plugins compatible for Editor in 0.35 ms, found 0 plugins.
Preloading 0 native plugins for Editor in 0.00 ms.
Mono: successfully reloaded assembly
- Completed reload, in  0.767 seconds
Platform modules already initialized, skipping
========================================================================
Worker process is ready to serve import requests
Launched and connected shader compiler UnityShaderCompiler.exe after 0.03 seconds
Refreshing native plugins compatible for Editor in 0.48 ms, found 0 plugins.
Preloading 0 native plugins for Editor in 0.00 ms.
Unloading 1434 Unused Serialized files (Serialized files now loaded: 0)
System memory in use before: 65.4 MB.
System memory in use after: 65.5 MB.

Unloading 33 unused Assets to reduce memory usage. Loaded Objects now: 1864.
Total: 1.734500 ms (FindLiveObjects: 0.151200 ms CreateObjectMapping: 0.045100 ms MarkObjects: 1.479300 ms  DeleteObjects: 0.058000 ms)

========================================================================
Received Import Request.
  path: Assets/eDmx.ArtNet
  artifactKey: Guid(8767abed3e7a1984a94e2393e9febb1d) Importer(815301076,1909f56bfc062723c751e8b465ee728b)
Start importing Assets/eDmx.ArtNet using Guid(8767abed3e7a1984a94e2393e9febb1d) Importer(815301076,1909f56bfc062723c751e8b465ee728b)  -> (artifact id: '8f07bcba6df745996ad2457b615de4a7') in 0.007074 seconds
  Import took 0.009037 seconds .

========================================================================
Received Import Request.
  Time since last request: 4.534031 seconds.
  path: Assets/Unity-DMX
  artifactKey: Guid(285a87ec309e8c6429805460effe989a) Importer(815301076,1909f56bfc062723c751e8b465ee728b)
Start importing Assets/Unity-DMX using Guid(285a87ec309e8c6429805460effe989a) Importer(815301076,1909f56bfc062723c751e8b465ee728b)  -> (artifact id: 'de2ee141a38002ed36fa2badc7ecb87d') in 0.008119 seconds
  Import took 0.011183 seconds .

========================================================================
Received Import Request.
  Time since last request: 4.047854 seconds.
  path: Assets/Unity-DMX/Scenes
  artifactKey: Guid(4bf4a9dd16754e44b94daebd0036d32b) Importer(815301076,1909f56bfc062723c751e8b465ee728b)
Start importing Assets/Unity-DMX/Scenes using Guid(4bf4a9dd16754e44b94daebd0036d32b) Importer(815301076,1909f56bfc062723c751e8b465ee728b)  -> (artifact id: '0c42ff851d63e4abb4d9179f774d3841') in 0.006268 seconds
  Import took 0.008587 seconds .

========================================================================
Received Import Request.
  Time since last request: 0.775767 seconds.
  path: Assets/Unity-DMX/Scenes/main.unity
  artifactKey: Guid(e6ff1cb0bf0bd81488fe787cacea23e1) Importer(815301076,1909f56bfc062723c751e8b465ee728b)
Start importing Assets/Unity-DMX/Scenes/main.unity using Guid(e6ff1cb0bf0bd81488fe787cacea23e1) Importer(815301076,1909f56bfc062723c751e8b465ee728b)  -> (artifact id: '0ff87822f170869c9eea8bae7a220369') in 0.013750 seconds
  Import took 0.015854 seconds .

========================================================================
Received Import Request.
  Time since last request: 122.851165 seconds.
  path: Assets/Unity-DMX/Scripts/Device/SimpleDMXLight.cs
  artifactKey: Guid(b3bdaacd010d1b741970b152ce96c318) Importer(815301076,1909f56bfc062723c751e8b465ee728b)
Start importing Assets/Unity-DMX/Scripts/Device/SimpleDMXLight.cs using Guid(b3bdaacd010d1b741970b152ce96c318) Importer(815301076,1909f56bfc062723c751e8b465ee728b)  -> (artifact id: '612148339975213d56837b0ac67310b1') in 0.024349 seconds
  Import took 0.026772 seconds .

========================================================================
Received Prepare
Registering precompiled user dll's ...
Registered in 0.002506 seconds.
Begin MonoManager ReloadAssembly
Native extension for WindowsStandalone target not found
Refreshing native plugins compatible for Editor in 0.36 ms, found 0 plugins.
Preloading 0 native plugins for Editor in 0.00 ms.
Mono: successfully reloaded assembly
- Completed reload, in  0.769 seconds
Platform modules already initialized, skipping
Refreshing native plugins compatible for Editor in 0.36 ms, found 0 plugins.
Preloading 0 native plugins for Editor in 0.00 ms.
Unloading 1428 Unused Serialized files (Serialized files now loaded: 0)
System memory in use before: 65.2 MB.
System memory in use after: 65.4 MB.

Unloading 24 unused Assets to reduce memory usage. Loaded Objects now: 1867.
Total: 1.672400 ms (FindLiveObjects: 0.298600 ms CreateObjectMapping: 0.059000 ms MarkObjects: 1.297400 ms  DeleteObjects: 0.016500 ms)

========================================================================
Received Import Request.
  Time since last request: 335.687851 seconds.
  path: Assets/eDmx.ArtNet/Enums/ArtNetOpCodes.cs
  artifactKey: Guid(fd822ece7c8edb447b6a630f24017c75) Importer(815301076,1909f56bfc062723c751e8b465ee728b)
Start importing Assets/eDmx.ArtNet/Enums/ArtNetOpCodes.cs using Guid(fd822ece7c8edb447b6a630f24017c75) Importer(815301076,1909f56bfc062723c751e8b465ee728b)  -> (artifact id: '06202732196db800844507159cec35f4') in 0.012055 seconds
  Import took 0.015820 seconds .

========================================================================
Received Import Request.
  Time since last request: 1.031811 seconds.
  path: Assets/eDmx.ArtNet/Enums/ArtTodControlCommand.cs
  artifactKey: Guid(390602d4a64db54458578071c1bc046a) Importer(815301076,1909f56bfc062723c751e8b465ee728b)
Start importing Assets/eDmx.ArtNet/Enums/ArtTodControlCommand.cs using Guid(390602d4a64db54458578071c1bc046a) Importer(815301076,1909f56bfc062723c751e8b465ee728b)  -> (artifact id: 'e113a7fe250035e8d7bd1eb24d7a8bdd') in 0.007483 seconds
  Import took 0.011211 seconds .

========================================================================
Received Import Request.
  Time since last request: 8.566326 seconds.
  path: Assets/eDmx.ArtNet/IO/ArtNetBinaryReader.cs
  artifactKey: Guid(374a0f593e1c7494fb5e20c0829b36cc) Importer(815301076,1909f56bfc062723c751e8b465ee728b)
Start importing Assets/eDmx.ArtNet/IO/ArtNetBinaryReader.cs using Guid(374a0f593e1c7494fb5e20c0829b36cc) Importer(815301076,1909f56bfc062723c751e8b465ee728b)  -> (artifact id: '2b41cd2096e65214165798d438b994a8') in 0.006584 seconds
  Import took 0.009119 seconds .

========================================================================
Received Import Request.
  Time since last request: 7.952126 seconds.
  path: Assets/eDmx.ArtNet/IO/ArtNetBinaryWriter.cs
  artifactKey: Guid(a0c21ce375d088b49bee278daa4ed3d7) Importer(815301076,1909f56bfc062723c751e8b465ee728b)
Start importing Assets/eDmx.ArtNet/IO/ArtNetBinaryWriter.cs using Guid(a0c21ce375d088b49bee278daa4ed3d7) Importer(815301076,1909f56bfc062723c751e8b465ee728b)  -> (artifact id: '8c338ca32ac4445fc4ab356890bedd1a') in 0.011748 seconds
  Import took 0.014529 seconds .

========================================================================
Received Import Request.
  Time since last request: 5.714311 seconds.
  path: Assets/eDmx.ArtNet/IO/ArtNetRecieveData.cs
  artifactKey: Guid(593ccec429dab03498b08bbe98f09a1c) Importer(815301076,1909f56bfc062723c751e8b465ee728b)
Start importing Assets/eDmx.ArtNet/IO/ArtNetRecieveData.cs using Guid(593ccec429dab03498b08bbe98f09a1c) Importer(815301076,1909f56bfc062723c751e8b465ee728b)  -> (artifact id: '7ff92a6514d8f83546c2c353f9bb2506') in 0.008418 seconds
  Import took 0.011040 seconds .

========================================================================
Received Import Request.
  Time since last request: 12.108410 seconds.
  path: Assets/eDmx.ArtNet/Packets/ArtNetDmxPacket.cs
  artifactKey: Guid(a11099636f6272744b4ef2dc7edf8cc2) Importer(815301076,1909f56bfc062723c751e8b465ee728b)
Start importing Assets/eDmx.ArtNet/Packets/ArtNetDmxPacket.cs using Guid(a11099636f6272744b4ef2dc7edf8cc2) Importer(815301076,1909f56bfc062723c751e8b465ee728b)  -> (artifact id: 'e254aab491fc14aabb98f2173a14264d') in 0.007087 seconds
  Import took 0.009686 seconds .

========================================================================
Received Import Request.
  Time since last request: 0.001672 seconds.
  path: Assets/eDmx.ArtNet/Packets/ArtNetDmxPacket.cs
  artifactKey: Guid(a11099636f6272744b4ef2dc7edf8cc2) Importer(815301076,1909f56bfc062723c751e8b465ee728b)
Start importing Assets/eDmx.ArtNet/Packets/ArtNetDmxPacket.cs using Guid(a11099636f6272744b4ef2dc7edf8cc2) Importer(815301076,1909f56bfc062723c751e8b465ee728b)  -> (artifact id: 'e254aab491fc14aabb98f2173a14264d') in 0.004115 seconds
  Import took 0.007335 seconds .

========================================================================
Received Import Request.
  Time since last request: 4.240483 seconds.
  path: Assets/eDmx.ArtNet/Packets/ArtPollPacket.cs
  artifactKey: Guid(2dee38996c84855409474df63cfcb947) Importer(815301076,1909f56bfc062723c751e8b465ee728b)
Start importing Assets/eDmx.ArtNet/Packets/ArtPollPacket.cs using Guid(2dee38996c84855409474df63cfcb947) Importer(815301076,1909f56bfc062723c751e8b465ee728b)  -> (artifact id: 'd37910ad9abc512e2849493e37ed29ca') in 0.008267 seconds
  Import took 0.011387 seconds .

========================================================================
Received Import Request.
  Time since last request: 0.001113 seconds.
  path: Assets/eDmx.ArtNet/Packets/ArtPollPacket.cs
  artifactKey: Guid(2dee38996c84855409474df63cfcb947) Importer(815301076,1909f56bfc062723c751e8b465ee728b)
Start importing Assets/eDmx.ArtNet/Packets/ArtPollPacket.cs using Guid(2dee38996c84855409474df63cfcb947) Importer(815301076,1909f56bfc062723c751e8b465ee728b)  -> (artifact id: 'd37910ad9abc512e2849493e37ed29ca') in 0.003355 seconds
  Import took 0.006336 seconds .

========================================================================
Received Import Request.
  Time since last request: 0.579512 seconds.
  path: Assets/eDmx.ArtNet/Packets/ArtNetPacket.cs
  artifactKey: Guid(d6f75692e1794064f8002403efbf1c0d) Importer(815301076,1909f56bfc062723c751e8b465ee728b)
Start importing Assets/eDmx.ArtNet/Packets/ArtNetPacket.cs using Guid(d6f75692e1794064f8002403efbf1c0d) Importer(815301076,1909f56bfc062723c751e8b465ee728b)  -> (artifact id: '5a635f738f99f86b5a8ad475e5698a71') in 0.006245 seconds
  Import took 0.008855 seconds .

========================================================================
Received Import Request.
  Time since last request: 0.001138 seconds.
  path: Assets/eDmx.ArtNet/Packets/ArtNetPacket.cs
  artifactKey: Guid(d6f75692e1794064f8002403efbf1c0d) Importer(815301076,1909f56bfc062723c751e8b465ee728b)
Start importing Assets/eDmx.ArtNet/Packets/ArtNetPacket.cs using Guid(d6f75692e1794064f8002403efbf1c0d) Importer(815301076,1909f56bfc062723c751e8b465ee728b)  -> (artifact id: '5a635f738f99f86b5a8ad475e5698a71') in 0.003440 seconds
  Import took 0.006077 seconds .

========================================================================
Received Import Request.
  Time since last request: 14.676360 seconds.
  path: Assets/eDmx.ArtNet/Packets/ArtPollReplyPacket.cs
  artifactKey: Guid(a1051d04dda385a48ab849e94aeda579) Importer(815301076,1909f56bfc062723c751e8b465ee728b)
Start importing Assets/eDmx.ArtNet/Packets/ArtPollReplyPacket.cs using Guid(a1051d04dda385a48ab849e94aeda579) Importer(815301076,1909f56bfc062723c751e8b465ee728b)  -> (artifact id: '11263f9d0fba50e1a30f28e36f77bf22') in 0.008011 seconds
  Import took 0.010747 seconds .

========================================================================
Received Import Request.
  Time since last request: 6.966093 seconds.
  path: Assets/eDmx.ArtNet/Properties/AssemblyInfo.cs
  artifactKey: Guid(0d10affcd8e6d45428ca30750eda130a) Importer(815301076,1909f56bfc062723c751e8b465ee728b)
Start importing Assets/eDmx.ArtNet/Properties/AssemblyInfo.cs using Guid(0d10affcd8e6d45428ca30750eda130a) Importer(815301076,1909f56bfc062723c751e8b465ee728b)  -> (artifact id: '1f7c76bcf527fa7d619a629f289a416a') in 0.007075 seconds
  Import took 0.009542 seconds .

========================================================================
Received Import Request.
  Time since last request: 0.000481 seconds.
  path: Assets/eDmx.ArtNet/Properties/AssemblyInfo.cs
  artifactKey: Guid(0d10affcd8e6d45428ca30750eda130a) Importer(815301076,1909f56bfc062723c751e8b465ee728b)
Start importing Assets/eDmx.ArtNet/Properties/AssemblyInfo.cs using Guid(0d10affcd8e6d45428ca30750eda130a) Importer(815301076,1909f56bfc062723c751e8b465ee728b)  -> (artifact id: '1f7c76bcf527fa7d619a629f289a416a') in 0.002953 seconds
  Import took 0.006582 seconds .

========================================================================
Received Prepare
Registering precompiled user dll's ...
Registered in 0.001813 seconds.
Begin MonoManager ReloadAssembly
Native extension for WindowsStandalone target not found
Refreshing native plugins compatible for Editor in 0.35 ms, found 0 plugins.
Preloading 0 native plugins for Editor in 0.00 ms.
Mono: successfully reloaded assembly
- Completed reload, in  0.709 seconds
Platform modules already initialized, skipping
Refreshing native plugins compatible for Editor in 0.33 ms, found 0 plugins.
Preloading 0 native plugins for Editor in 0.00 ms.
Unloading 1428 Unused Serialized files (Serialized files now loaded: 0)
System memory in use before: 65.3 MB.
System memory in use after: 65.4 MB.

Unloading 24 unused Assets to reduce memory usage. Loaded Objects now: 1870.
Total: 1.782100 ms (FindLiveObjects: 0.163100 ms CreateObjectMapping: 0.047700 ms MarkObjects: 1.555300 ms  DeleteObjects: 0.015200 ms)

========================================================================
Received Prepare
Registering precompiled user dll's ...
Registered in 0.002497 seconds.
Begin MonoManager ReloadAssembly
Native extension for WindowsStandalone target not found
Refreshing native plugins compatible for Editor in 0.36 ms, found 0 plugins.
Preloading 0 native plugins for Editor in 0.00 ms.
Mono: successfully reloaded assembly
- Completed reload, in  0.787 seconds
Platform modules already initialized, skipping
Refreshing native plugins compatible for Editor in 0.39 ms, found 0 plugins.
Preloading 0 native plugins for Editor in 0.00 ms.
Unloading 1428 Unused Serialized files (Serialized files now loaded: 0)
System memory in use before: 65.3 MB.
System memory in use after: 65.4 MB.

Unloading 24 unused Assets to reduce memory usage. Loaded Objects now: 1873.
Total: 1.936800 ms (FindLiveObjects: 0.383800 ms CreateObjectMapping: 0.052700 ms MarkObjects: 1.483900 ms  DeleteObjects: 0.015300 ms)

AssetImportWorkerClient::OnTransportError - code=2 error=End of file
